12:50:37.722 [main] INFO  com.cases.demo2 - Driver is initialized.
12:50:38.871 [main] INFO  com.cases.demo2 - Driver is closed
12:50:40.491 [main] INFO  com.cases.AssessmentAutoFill10_TC2 - Driver is initialized.
12:50:40.806 [main] INFO  com.cases.AssessmentAutoFill10_TC2 - Driver is closed
12:50:42.541 [main] INFO  com.cases.AssessmentAutoFill12_TC3 - Driver is initialized.
12:50:42.910 [main] INFO  com.cases.AssessmentAutoFill12_TC3 - Driver is closed
12:51:20.552 [main] INFO  com.cases.demo2 - Driver is initialized.
12:52:00.222 [main] INFO  com.cases.demo2 - Driver is closed
12:52:01.814 [main] INFO  com.cases.AssessmentAutoFill10_TC2 - Driver is initialized.
12:52:35.560 [main] INFO  com.cases.AssessmentAutoFill10_TC2 - Driver is closed
12:52:37.150 [main] INFO  com.cases.AssessmentAutoFill12_TC3 - Driver is initialized.
12:53:15.838 [main] INFO  com.cases.AssessmentAutoFill12_TC3 - Driver is closed
13:29:41.476 [main] INFO  com.cases.demo2 - Driver is initialized.
13:30:20.842 [main] INFO  com.cases.demo2 - Driver is closed
13:30:22.929 [main] INFO  com.cases.AssessmentAutoFill10_TC2 - Driver is initialized.
13:30:56.436 [main] INFO  com.cases.AssessmentAutoFill10_TC2 - Driver is closed
13:30:58.640 [main] INFO  com.cases.AssessmentAutoFill12_TC3 - Driver is initialized.
13:31:39.013 [main] INFO  com.cases.AssessmentAutoFill12_TC3 - Driver is closed
13:38:32.050 [main] INFO  com.cases.demo2 - Driver is initialized.
13:38:33.383 [main] INFO  com.cases.demo2 - Driver is closed
13:39:45.155 [main] INFO  com.cases.demo2 - Driver is initialized.
13:47:19.512 [main] INFO  com.cases.demo2 - Driver is initialized.
13:47:46.135 [main] INFO  com.cases.demo2 - Driver is closed
13:49:29.870 [main] INFO  com.cases.demo2 - Driver is initialized.
13:50:09.965 [main] INFO  com.cases.demo2 - Driver is closed
14:04:58.535 [main] INFO  com.cases.demo2 - Driver is initialized.
14:04:59.749 [main] INFO  com.cases.demo2 - Driver is closed
14:08:01.724 [main] INFO  com.cases.demo2 - Driver is initialized.
14:08:03.304 [main] INFO  com.cases.demo2 - Driver is closed
14:08:34.227 [main] INFO  com.cases.demo2 - Driver is initialized.
14:08:35.591 [main] INFO  com.cases.demo2 - Driver is closed
14:10:11.983 [main] INFO  com.cases.demo2 - Driver is initialized.
14:11:54.455 [main] INFO  com.cases.demo2 - Driver is closed
14:12:35.050 [main] INFO  com.cases.demo2 - Driver is initialized.
14:14:20.784 [main] INFO  com.cases.demo2 - Driver is closed
14:20:03.070 [main] INFO  com.cases.demo2 - Driver is initialized.
14:21:45.944 [main] INFO  com.cases.demo2 - Driver is closed
14:23:55.243 [main] INFO  com.cases.demo2 - Driver is initialized.
14:58:42.712 [main] INFO  com.cases.demo2 - Driver is initialized.
14:59:15.722 [main] INFO  com.cases.demo2 - Driver is closed
09:43:20.689 [main] INFO  com.cases.demo2 - Driver is initialized.
09:43:31.377 [main] INFO  com.cases.demo2 - Driver is closed
09:46:50.482 [main] INFO  com.cases.demo2 - Driver is initialized.
09:47:30.234 [main] INFO  com.cases.demo2 - Driver is closed
10:10:23.891 [main] INFO  com.cases.demo2 - Driver is initialized.
10:11:40.353 [main] INFO  com.cases.demo2 - Driver is closed
10:12:01.268 [main] INFO  com.cases.demo2 - Driver is initialized.
10:13:40.382 [main] INFO  com.cases.demo2 - Driver is closed
10:42:05.087 [main] INFO  com.cases.Assessment10.AssessmentAutoFill10_TC01 - Driver is initialized.
10:43:01.485 [main] INFO  com.cases.Assessment10.AssessmentAutoFill10_TC01 - Driver is closed
10:57:57.121 [main] INFO  com.cases.Assessment10.AssessmentAutoFill10_TC01 - Driver is initialized.
10:58:32.175 [main] INFO  com.cases.Assessment10.AssessmentAutoFill10_TC01 - Driver is closed
11:01:41.601 [main] INFO  com.cases.Assessment10.AssessmentAutoFill10_TC01 - Driver is initialized.
11:02:29.848 [main] INFO  com.cases.Assessment10.AssessmentAutoFill10_TC01 - Driver is closed
11:12:10.108 [main] INFO  com.cases.Assessment10.AssessmentAutoFill10_TC01 - Driver is initialized.
11:12:45.874 [main] INFO  com.cases.Assessment10.AssessmentAutoFill10_TC01 - Driver is closed
11:12:48.379 [main] INFO  com.cases.Assessment12.AssessmentAutoFill12_TC01 - Driver is initialized.
11:13:23.883 [main] INFO  com.cases.Assessment12.AssessmentAutoFill12_TC01 - Driver is closed
11:21:56.040 [main] INFO  com.cases.Assessment10.AssessmentAutoFill10_TC01 - Driver is initialized.
11:21:58.907 [main] INFO  com.cases.Assessment12.AssessmentAutoFill12_TC01 - Driver is initialized.
11:31:07.579 [main] INFO  com.cases.Assessment10.AssessmentAutoFill10_TC01 - Driver is initialized.
11:31:50.372 [main] INFO  com.cases.Assessment10.AssessmentAutoFill10_TC01 - Driver is closed
11:31:53.292 [main] INFO  com.cases.Assessment12.AssessmentAutoFill12_TC01 - Driver is initialized.
11:32:32.865 [main] INFO  com.cases.Assessment12.AssessmentAutoFill12_TC01 - Driver is closed
11:34:37.756 [main] INFO  com.cases.Assessment10.AssessmentAutoFill10_TC01 - Driver is initialized.
11:35:13.518 [main] INFO  com.cases.Assessment10.AssessmentAutoFill10_TC01 - Driver is closed
11:35:15.917 [main] INFO  com.cases.Assessment12.AssessmentAutoFill12_TC01 - Driver is initialized.
11:35:55.701 [main] INFO  com.cases.Assessment12.AssessmentAutoFill12_TC01 - Driver is closed
11:49:43.946 [main] INFO  com.cases.Assessment12.AssessmentAutoFill12_TC01 - Driver is initialized.
11:50:21.760 [main] INFO  com.cases.Assessment12.AssessmentAutoFill12_TC01 - Driver is closed
12:01:57.583 [main] INFO  com.cases.Assessment12.AssessmentAutoFill12_TC01 - Driver is initialized.
12:01:58.791 [main] INFO  com.cases.Assessment12.AssessmentAutoFill12_TC01 - Driver is closed
12:03:06.601 [main] INFO  com.cases.Assessment12.AssessmentAutoFill12_TC01 - Driver is initialized.
12:26:30.385 [main] INFO  com.cases.Assessment12.AssessmentAutoFill12_TC01 - Driver is closed
13:34:30.428 [main] INFO  com.cases.Assessment12.AssessmentAutoFill12_TC01 - Driver is initialized.
13:34:55.266 [main] INFO  com.cases.Assessment12.AssessmentAutoFill12_TC01 - Driver is closed
13:38:29.450 [main] INFO  com.cases.Assessment12.AssessmentAutoFill12_TC01 - Driver is initialized.
13:39:19.031 [main] INFO  com.cases.Assessment12.AssessmentAutoFill12_TC01 - Driver is closed
